00:00:00.246 |I| Configuration LogValueChange: ResScale set to: 1
00:00:00.253 |I| Configuration LogValueChange: ResScaleCustom set to: 1
00:00:00.253 |I| Configuration LogValueChange: MaxAnisotropy set to: -1
00:00:00.254 |I| Configuration LogValueChange: AspectRatio set to: Fixed16x9
00:00:00.255 |I| Configuration LogValueChange: BackendThreading set to: Auto
00:00:00.255 |I| Configuration LogValueChange: GraphicsBackend set to: Vulkan
00:00:00.256 |I| Configuration LogValueChange: PreferredGpu set to: 0x10DE_0x2520
00:00:00.257 |I| Configuration LogValueChange: AntiAliasing set to: None
00:00:00.257 |I| Configuration LogValueChange: ScalingFilter set to: Bilinear
00:00:00.257 |I| Configuration LogValueChange: ScalingFilterLevel set to: 80
00:00:00.257 |I| Configuration LogValueChange: EnableDebug set to: False
00:00:00.259 |I| Configuration LogValueChange: Language set to: SimplifiedChinese
00:00:00.260 |I| Configuration LogValueChange: Region set to: China
00:00:00.260 |I| Configuration LogValueChange: TimeZone set to: UTC
00:00:00.263 |I| Configuration LogValueChange: SystemTimeOffset set to: -846
00:00:00.263 |I| Configuration LogValueChange: EnableDockedMode set to: True
00:00:00.269 |I| Configuration LogValueChange: IgnoreApplet set to: False
00:00:00.269 |I| Configuration LogValueChange: EnableVsync set to: True
00:00:00.269 |I| Configuration LogValueChange: EnableShaderCache set to: True
00:00:00.269 |I| Configuration LogValueChange: EnableTextureRecompression set to: False
00:00:00.269 |I| Configuration LogValueChange: EnableMacroHLE set to: True
00:00:00.269 |I| Configuration LogValueChange: EnableColorSpacePassthrough set to: False
00:00:00.269 |I| Configuration LogValueChange: EnablePtc set to: True
00:00:00.269 |I| Configuration LogValueChange: EnableLowPowerPtc set to: False
00:00:00.270 |I| Configuration LogValueChange: EnableInternetAccess set to: True
00:00:00.270 |I| Configuration LogValueChange: EnableFsIntegrityChecks set to: True
00:00:00.270 |I| Configuration LogValueChange: FsGlobalAccessLogMode set to: 0
00:00:00.271 |I| Configuration LogValueChange: AudioBackend set to: SDL2
00:00:00.271 |I| Configuration LogValueChange: AudioVolume set to: 0.85
00:00:00.272 |I| Configuration LogValueChange: MemoryManagerMode set to: HostMappedUnsafe
00:00:00.273 |I| Configuration LogValueChange: DramSize set to: MemoryConfiguration4GiB
00:00:00.273 |I| Configuration LogValueChange: IgnoreMissingServices set to: False
00:00:00.273 |I| Configuration LogValueChange: UseHypervisor set to: True
00:00:00.277 |I| Configuration LogValueChange: MultiplayerMode set to: LdnRyu
00:00:00.277 |I| Configuration LogValueChange: DisableP2p set to: False
00:00:00.277 |I| Configuration LogValueChange: LdnPassphrase set to: 
00:00:00.277 |I| Configuration LogValueChange: LdnServer set to: 
00:00:00.283 |N| Application PrintSystemInfo: Ryujinx Version: 1.2.76
00:00:00.287 |N| Application Print: Operating System: Microsoft Windows 10.0.26100 (X64)
00:00:00.287 |N| Application Print: CPU: AMD Ryzen 7 6800H with Radeon Graphics ; 16 logical
00:00:00.288 |N| Application Print: RAM: Total 63.2 GiB ; Available 46.1 GiB
00:00:00.291 |N| Application PrintSystemInfo: Logs Enabled: Info, Warning, Error, Guest, Stub
00:00:00.291 |N| Application PrintSystemInfo: Launch Mode: Custom Path D:\Recreation\Media\games\Ryujinx\user
00:00:52.083 |I| Configuration LogValueChange: SystemTimeOffset set to: -867
00:00:52.083 |I| Configuration LogValueChange: LdnPassphrase set to: 
00:00:52.083 |I| Configuration LogValueChange: LdnServer set to: 
00:01:26.807 |I| Configuration LogValueChange: SystemTimeOffset set to: -902
00:01:26.807 |I| Configuration LogValueChange: LdnPassphrase set to: 
00:01:26.807 |I| Configuration LogValueChange: LdnServer set to: 
00:01:35.122 |I| ModLoader QueryContentsDir: Searching mods for Application 01007EF00011E000 in "D:\Recreation\Media\games\Ryujinx\user\sdcard\atmosphere\contents"
00:01:35.123 |I| ModLoader QueryContentsDir: Searching mods for Application 01007EF00011E000 in "D:\Recreation\Media\games\Ryujinx\user\mods\contents"
