2024-07-05 11:24:07.517498 [INFO] [Context.cc:179] <<--- --- --- ---
2024-07-05 11:24:07.518504 [INFO] [Context.cc:180]   --- --- --- ---
2024-07-05 11:24:07.518504 [INFO] [Context.cc:181]   --- --- --- --->>
2024-07-05 11:24:07.518504 [INFO] [Context.cc:182] aria2 1.37.0
2024-07-05 11:24:07.518504 [INFO] [Context.cc:183] mingw-w64 8.0.0 (alpha) / gcc 10-win32 20220113
  built by  x86_64-pc-linux-gnu
  targeting x86_64-w64-mingw32
  on        Nov 15 2023 11:17:49
2024-07-05 11:24:07.518504 [INFO] [Context.cc:184] Windows 6.2 (x86_64) (6.2)
2024-07-05 11:24:07.518504 [INFO] [Context.cc:185] zlib/1.3 expat/2.5.0 sqlite3/3.43.1 GMP/6.3.0 c-ares/1.19.1 libssh2/1.11.0
2024-07-05 11:24:07.518504 [INFO] [Context.cc:186] Logging started.
2024-07-05 11:24:07.519605 [INFO] [SocketCore.cc:1586] Checking configured addresses
2024-07-05 11:24:07.524769 [INFO] [SocketCore.cc:1650] Not considered: fe80::e6b3:49b2:9cb3:3a20%16
2024-07-05 11:24:07.524769 [INFO] [SocketCore.cc:1647] Found configured address: 192.168.18.107
2024-07-05 11:24:07.524769 [INFO] [SocketCore.cc:1650] Not considered: fe80::33d0:4dbd:e9ed:2eb9%11
2024-07-05 11:24:07.524769 [INFO] [SocketCore.cc:1650] Not considered: 169.254.1.163
2024-07-05 11:24:07.524769 [INFO] [SocketCore.cc:1650] Not considered: fe80::aa98:f18e:88c0:68e4%13
2024-07-05 11:24:07.524769 [INFO] [SocketCore.cc:1650] Not considered: 169.254.71.188
2024-07-05 11:24:07.524769 [INFO] [SocketCore.cc:1650] Not considered: fe80::190c:966e:d9ed:747e%10
2024-07-05 11:24:07.524769 [INFO] [SocketCore.cc:1650] Not considered: 169.254.199.35
2024-07-05 11:24:07.524769 [INFO] [SocketCore.cc:1650] Not considered: fe80::1ad6:d6b3:35c2:412d%12
2024-07-05 11:24:07.524769 [INFO] [SocketCore.cc:1650] Not considered: 169.254.104.214
2024-07-05 11:24:07.524769 [INFO] [SocketCore.cc:1650] Not considered: ::1
2024-07-05 11:24:07.524769 [INFO] [SocketCore.cc:1650] Not considered: 127.0.0.1
2024-07-05 11:24:07.524769 [INFO] [SocketCore.cc:1650] Not considered: fe80::a802:fe0a:7d72:f51a%29
2024-07-05 11:24:07.524769 [INFO] [SocketCore.cc:1647] Found configured address: 172.31.96.1
2024-07-05 11:24:07.524769 [INFO] [SocketCore.cc:1657] IPv4 configured=1, IPv6 configured=0
2024-07-05 11:24:07.525769 [INFO] [HttpListenCommand.cc:106] CUID#8 - Using port 54047 for accepting new connections
2024-07-05 11:24:07.525769 [NOTICE] [HttpListenCommand.cc:108] IPv4 RPC: listening on TCP port 54047
2024-07-05 11:24:07.976997 [INFO] [HttpListenCommand.cc:77] RPC: Accepted the connection from 127.0.0.1:1436.
2024-07-05 11:24:07.976997 [INFO] [HttpServer.cc:186] HTTP Server received request
POST /jsonrpc HTTP/1.1
Host: 127.0.0.1:54047
sentry-trace: 72f49fca7a164ee29de1c0700e43eb9e-9a2e633a014ff7bd
User-Agent: python-requests/2.31.0
Accept-Encoding: gzip, deflate, br, zstd
Accept: */*
Connection: keep-alive
Content-Length: 98


2024-07-05 11:24:07.976997 [INFO] [rpc_helper.cc:103] Executing RPC method aria2.changeGlobalOption
2024-07-05 11:24:07.976997 [INFO] [AbstractHttpServerResponseCommand.cc:117] CUID#9 - HttpServer: all response transmitted.
2024-07-05 11:24:07.976997 [INFO] [HttpServerResponseCommand.cc:60] CUID#9 - Persist connection.
2024-07-05 11:24:07.977994 [INFO] [HttpServerCommand.cc:272] CUID#9 - Error occurred while reading HTTP request
Exception: [HttpServer.cc:180] errorCode=1 Got EOF from peer.
2024-07-05 11:24:07.980994 [INFO] [HttpListenCommand.cc:77] RPC: Accepted the connection from 127.0.0.1:1439.
2024-07-05 11:24:07.980994 [INFO] [HttpServer.cc:186] HTTP Server received request
POST /jsonrpc HTTP/1.1
Host: 127.0.0.1:54047
sentry-trace: 72f49fca7a164ee29de1c0700e43eb9e-b139d65717a407a9
User-Agent: python-requests/2.31.0
Accept-Encoding: gzip, deflate, br, zstd
Accept: */*
Connection: keep-alive
Content-Length: 522


2024-07-05 11:24:07.980994 [INFO] [rpc_helper.cc:103] Executing RPC method aria2.addUri
2024-07-05 11:24:07.982000 [INFO] [AbstractHttpServerResponseCommand.cc:117] CUID#10 - HttpServer: all response transmitted.
2024-07-05 11:24:07.982000 [INFO] [HttpServerResponseCommand.cc:60] CUID#10 - Persist connection.
2024-07-05 11:24:07.982000 [INFO] [HttpInitiateConnectionCommand.cc:83] CUID#11 - Connecting to 127.0.0.1:7890
2024-07-05 11:24:07.982631 [INFO] [HttpServerCommand.cc:272] CUID#10 - Error occurred while reading HTTP request
Exception: [HttpServer.cc:180] errorCode=1 Got EOF from peer.
2024-07-05 11:24:07.982631 [INFO] [HttpConnection.cc:128] CUID#11 - Requesting:
CONNECT slink.ltd:443 HTTP/1.1
User-Agent: Mozilla/5.0 (Windows NT 10.0; Win64; x64) AppleWebKit/537.36 (KHTML, like Gecko) Chrome/113.0.0.0 Safari/537.36
Host: slink.ltd:443


2024-07-05 11:24:07.982631 [INFO] [HttpConnection.cc:163] CUID#11 - Response received:
HTTP/1.1 200 Connection established


2024-07-05 11:24:07.984181 [INFO] [HttpListenCommand.cc:77] RPC: Accepted the connection from 127.0.0.1:1441.
2024-07-05 11:24:07.984181 [INFO] [HttpServer.cc:186] HTTP Server received request
POST /jsonrpc HTTP/1.1
Host: 127.0.0.1:54047
sentry-trace: 72f49fca7a164ee29de1c0700e43eb9e-8d11f8542db2e166
User-Agent: python-requests/2.31.0
Accept-Encoding: gzip, deflate, br, zstd
Accept: */*
Connection: keep-alive
Content-Length: 106


2024-07-05 11:24:07.984703 [INFO] [rpc_helper.cc:103] Executing RPC method aria2.tellStatus
2024-07-05 11:24:07.984703 [INFO] [AbstractHttpServerResponseCommand.cc:117] CUID#12 - HttpServer: all response transmitted.
2024-07-05 11:24:07.984703 [INFO] [HttpServerResponseCommand.cc:60] CUID#12 - Persist connection.
2024-07-05 11:24:07.985225 [INFO] [HttpServerCommand.cc:272] CUID#12 - Error occurred while reading HTTP request
Exception: [HttpServer.cc:180] errorCode=1 Got EOF from peer.
2024-07-05 11:24:07.986799 [INFO] [HttpListenCommand.cc:77] RPC: Accepted the connection from 127.0.0.1:1442.
2024-07-05 11:24:07.986799 [INFO] [HttpServer.cc:186] HTTP Server received request
POST /jsonrpc HTTP/1.1
Host: 127.0.0.1:54047
sentry-trace: 72f49fca7a164ee29de1c0700e43eb9e-9cff6c94037db220
User-Agent: python-requests/2.31.0
Accept-Encoding: gzip, deflate, br, zstd
Accept: */*
Connection: keep-alive
Content-Length: 106


2024-07-05 11:24:07.986799 [INFO] [rpc_helper.cc:103] Executing RPC method aria2.tellStatus
2024-07-05 11:24:07.986799 [INFO] [AbstractHttpServerResponseCommand.cc:117] CUID#13 - HttpServer: all response transmitted.
2024-07-05 11:24:07.986799 [INFO] [HttpServerResponseCommand.cc:60] CUID#13 - Persist connection.
2024-07-05 11:24:07.987322 [INFO] [HttpServerCommand.cc:272] CUID#13 - Error occurred while reading HTTP request
Exception: [HttpServer.cc:180] errorCode=1 Got EOF from peer.
2024-07-05 11:24:08.296177 [INFO] [HttpListenCommand.cc:77] RPC: Accepted the connection from 127.0.0.1:1444.
2024-07-05 11:24:08.296177 [INFO] [HttpServer.cc:186] HTTP Server received request
POST /jsonrpc HTTP/1.1
Host: 127.0.0.1:54047
sentry-trace: 72f49fca7a164ee29de1c0700e43eb9e-a5d8bdcbdcd15ab6
User-Agent: python-requests/2.31.0
Accept-Encoding: gzip, deflate, br, zstd
Accept: */*
Connection: keep-alive
Content-Length: 106


2024-07-05 11:24:08.296177 [INFO] [rpc_helper.cc:103] Executing RPC method aria2.tellStatus
2024-07-05 11:24:08.297204 [INFO] [AbstractHttpServerResponseCommand.cc:117] CUID#14 - HttpServer: all response transmitted.
2024-07-05 11:24:08.297204 [INFO] [HttpServerResponseCommand.cc:60] CUID#14 - Persist connection.
2024-07-05 11:24:08.297204 [INFO] [HttpServerCommand.cc:272] CUID#14 - Error occurred while reading HTTP request
Exception: [HttpServer.cc:180] errorCode=1 Got EOF from peer.
2024-07-05 11:24:23.654324 [ERROR] [AbstractCommand.cc:349] CUID#11 - Download aborted. URI=https://slink.ltd/https://github.com/THZoria/NX_Firmware/releases/download/18.1.0r/Firmware.18.1.0.Rebootless.zip
Exception: [AbstractCommand.cc:351] errorCode=1 URI=https://slink.ltd/https://github.com/THZoria/NX_Firmware/releases/download/18.1.0r/Firmware.18.1.0.Rebootless.zip
  -> [SocketCore.cc:1019] errorCode=1 SSL/TLS handshake failure: Error: 你的主机中的软件中止了一个已建立的连接。
(2745)
2024-07-05 11:24:23.654324 [NOTICE] [RequestGroupMan.cc:424] Download GID#fabda527c92002ab not complete: 
2024-07-05 11:24:23.654324 [INFO] [HttpListenCommand.cc:77] RPC: Accepted the connection from 127.0.0.1:1446.
2024-07-05 11:24:23.654324 [INFO] [HttpServer.cc:186] HTTP Server received request
POST /jsonrpc HTTP/1.1
Host: 127.0.0.1:54047
sentry-trace: 72f49fca7a164ee29de1c0700e43eb9e-9c09c192b4c837a6
User-Agent: python-requests/2.31.0
Accept-Encoding: gzip, deflate, br, zstd
Accept: */*
Connection: keep-alive
Content-Length: 106


2024-07-05 11:24:23.654324 [INFO] [HttpListenCommand.cc:77] RPC: Accepted the connection from 127.0.0.1:1465.
2024-07-05 11:24:23.654324 [INFO] [rpc_helper.cc:103] Executing RPC method aria2.tellStatus
2024-07-05 11:24:23.654324 [INFO] [HttpServer.cc:186] HTTP Server received request
POST /jsonrpc HTTP/1.1
Host: 127.0.0.1:54047
sentry-trace: 72f49fca7a164ee29de1c0700e43eb9e-b2f3371891216c9b
User-Agent: python-requests/2.31.0
Accept-Encoding: gzip, deflate, br, zstd
Accept: */*
Connection: keep-alive
Content-Length: 106


2024-07-05 11:24:23.654324 [INFO] [AbstractHttpServerResponseCommand.cc:117] CUID#15 - HttpServer: all response transmitted.
2024-07-05 11:24:23.654324 [INFO] [HttpServerResponseCommand.cc:60] CUID#15 - Persist connection.
2024-07-05 11:24:23.654324 [INFO] [rpc_helper.cc:103] Executing RPC method aria2.tellStatus
2024-07-05 11:24:23.655324 [INFO] [HttpServerCommand.cc:272] CUID#15 - Error occurred while reading HTTP request
Exception: [SocketCore.cc:875] errorCode=1 Failed to receive data, cause: An established connection was aborted by the software in your host machine.

2024-07-05 11:24:23.655324 [INFO] [AbstractHttpServerResponseCommand.cc:117] CUID#16 - HttpServer: all response transmitted.
2024-07-05 11:24:23.655324 [INFO] [HttpServerResponseCommand.cc:60] CUID#16 - Persist connection.
2024-07-05 11:24:23.656324 [INFO] [HttpServerCommand.cc:272] CUID#16 - Error occurred while reading HTTP request
Exception: [HttpServer.cc:180] errorCode=1 Got EOF from peer.
2024-07-05 11:26:22.744029 [INFO] [WatchProcessCommand.cc:115] CUID#7 - Process 27460 is not running. Commencing shutdown.
