[2025-04-07 13:52:36 W] [29000] "Failed to instantiate discord core! (err 4)"
[2025-04-07 13:52:36 I] [29000] Initializing the firewall...
[2025-04-07 13:52:36 I] [29000] auto fwRule = getNetFwRule(); fwRule is null
[2025-04-07 13:52:36 I] [29000] Initializing the firewall successfully
[2025-04-07 13:52:36 I] [29000] HotkeyUtil initializing...
[2025-04-07 13:52:36 D] [29000] initHotkeyMaps
[2025-04-07 13:52:36 C] [29000] Failed to get firewall status:  -2147024809  type:  1
[2025-04-07 13:52:36 C] [29000] NET_FW_PROFILE_TYPE2:  1  disabled
[2025-04-07 13:52:36 C] [29000] Failed to get firewall status:  -2147024809  type:  2
[2025-04-07 13:52:36 C] [29000] NET_FW_PROFILE_TYPE2:  2  disabled
[2025-04-07 13:52:36 I] [29000] NET_FW_PROFILE_TYPE2:  4  enabled
[2025-04-07 13:52:36 I] [29000] RTSS is not inited
[2025-04-07 13:57:16 I] [29000] Firewall successfully enabled!
[2025-04-07 13:57:25 I] [29000] Found NetFwRule by pFwRules->Item()
[2025-04-07 13:57:25 I] [29000] Firewall successfully disabled!
[2025-04-07 13:57:26 I] [29000] Found NetFwRule by pFwRules->Item()
[2025-04-07 13:57:26 I] [29000] Firewall successfully enabled!
[2025-04-07 13:57:28 I] [29000] Found NetFwRule by pFwRules->Item()
[2025-04-07 13:57:28 I] [29000] Firewall successfully disabled!
[2025-04-07 14:01:51 I] [29000] Found NetFwRule by pFwRules->Item()
[2025-04-07 14:01:51 I] [29000] Firewall successfully enabled!
[2025-04-07 14:02:00 I] [29000] Found NetFwRule by pFwRules->Item()
[2025-04-07 14:02:00 I] [29000] Firewall successfully disabled!
[2025-04-07 14:06:39 I] [29000] Found NetFwRule by pFwRules->Item()
[2025-04-07 14:06:39 I] [29000] Firewall successfully enabled!
[2025-04-07 14:06:46 I] [29000] Found NetFwRule by pFwRules->Item()
[2025-04-07 14:06:46 I] [29000] Firewall successfully disabled!
[2025-04-07 14:11:28 I] [29000] Found NetFwRule by pFwRules->Item()
[2025-04-07 14:11:28 I] [29000] Firewall successfully enabled!
[2025-04-07 14:11:42 I] [29000] Found NetFwRule by pFwRules->Item()
[2025-04-07 14:11:42 I] [29000] Firewall successfully disabled!
[2025-04-07 14:15:42 I] [29000] Found NetFwRule by pFwRules->Item()
[2025-04-07 14:15:43 I] [29000] Firewall successfully enabled!
[2025-04-07 14:16:21 I] [29000] Found NetFwRule by pFwRules->Item()
[2025-04-07 14:16:21 I] [29000] Firewall successfully disabled!
[2025-04-07 14:19:24 I] [29000] Found NetFwRule by pFwRules->Item()
[2025-04-07 14:19:24 I] [29000] Firewall successfully enabled!
[2025-04-07 14:19:54 I] [29000] Found NetFwRule by pFwRules->Item()
[2025-04-07 14:19:54 I] [29000] Firewall successfully disabled!
[2025-04-07 14:24:11 I] [29000] Found NetFwRule by pFwRules->Item()
[2025-04-07 14:24:11 I] [29000] Firewall successfully enabled!
[2025-04-07 14:24:42 I] [29000] Found NetFwRule by pFwRules->Item()
[2025-04-07 14:24:43 I] [29000] Firewall successfully disabled!
[2025-04-07 14:28:51 I] [29000] Found NetFwRule by pFwRules->Item()
[2025-04-07 14:28:52 I] [29000] Firewall successfully enabled!
[2025-04-07 14:29:12 I] [29000] Found NetFwRule by pFwRules->Item()
[2025-04-07 14:29:12 I] [29000] Firewall successfully disabled!
[2025-04-07 14:33:16 I] [29000] Found NetFwRule by pFwRules->Item()
[2025-04-07 14:33:17 I] [29000] Firewall successfully enabled!
[2025-04-07 14:33:37 I] [29000] Found NetFwRule by pFwRules->Item()
[2025-04-07 14:33:38 I] [29000] Firewall successfully disabled!
[2025-04-07 14:40:35 I] [29000] Found NetFwRule by pFwRules->Item()
[2025-04-07 14:40:35 I] [29000] Firewall successfully enabled!
[2025-04-07 14:40:53 I] [29000] Found NetFwRule by pFwRules->Item()
[2025-04-07 14:40:53 I] [29000] Firewall successfully disabled!
[2025-04-07 14:47:07 I] [29000] Found NetFwRule by pFwRules->Item()
[2025-04-07 14:47:07 I] [29000] Firewall successfully enabled!
[2025-04-07 14:47:22 I] [29000] Found NetFwRule by pFwRules->Item()
[2025-04-07 14:47:22 I] [29000] Firewall successfully disabled!
[2025-04-07 14:52:04 I] [29000] Found NetFwRule by pFwRules->Item()
[2025-04-07 14:52:05 I] [29000] Firewall successfully enabled!
[2025-04-07 14:52:30 I] [29000] Found NetFwRule by pFwRules->Item()
[2025-04-07 14:52:30 I] [29000] Firewall successfully disabled!
[2025-04-07 14:55:59 I] [29000] Found NetFwRule by pFwRules->Item()
[2025-04-07 14:56:00 I] [29000] Firewall successfully enabled!
[2025-04-07 14:56:15 I] [29000] Found NetFwRule by pFwRules->Item()
[2025-04-07 14:56:15 I] [29000] Firewall successfully disabled!
[2025-04-07 15:01:32 I] [29000] Found NetFwRule by pFwRules->Item()
[2025-04-07 15:01:32 I] [29000] Firewall successfully enabled!
[2025-04-07 15:01:55 I] [29000] Found NetFwRule by pFwRules->Item()
[2025-04-07 15:01:55 I] [29000] Firewall successfully disabled!
[2025-04-07 15:05:49 I] [29000] Found NetFwRule by pFwRules->Item()
[2025-04-07 15:05:49 I] [29000] Firewall successfully enabled!
[2025-04-07 15:06:12 I] [29000] Found NetFwRule by pFwRules->Item()
[2025-04-07 15:06:12 I] [29000] Firewall successfully disabled!
[2025-04-07 15:11:30 I] [29000] Found NetFwRule by pFwRules->Item()
[2025-04-07 15:11:30 I] [29000] Firewall successfully enabled!
[2025-04-07 15:11:51 I] [29000] Found NetFwRule by pFwRules->Item()
[2025-04-07 15:11:51 I] [29000] Firewall successfully disabled!
[2025-04-07 15:18:23 I] [29000] Found NetFwRule by pFwRules->Item()
[2025-04-07 15:18:23 I] [29000] Firewall successfully enabled!
[2025-04-07 15:18:50 I] [29000] Found NetFwRule by pFwRules->Item()
[2025-04-07 15:18:51 I] [29000] Firewall successfully disabled!
[2025-04-07 15:22:46 I] [29000] Found NetFwRule by pFwRules->Item()
[2025-04-07 15:22:46 I] [29000] Firewall successfully enabled!
[2025-04-07 15:23:04 I] [29000] Found NetFwRule by pFwRules->Item()
[2025-04-07 15:23:05 I] [29000] Firewall successfully disabled!
[2025-04-07 15:27:38 I] [29000] Found NetFwRule by pFwRules->Item()
[2025-04-07 15:27:39 I] [29000] Firewall successfully enabled!
[2025-04-07 15:27:55 I] [29000] Found NetFwRule by pFwRules->Item()
[2025-04-07 15:27:55 I] [29000] Firewall successfully disabled!
[2025-04-07 15:31:56 I] [29000] Found NetFwRule by pFwRules->Item()
[2025-04-07 15:31:57 I] [29000] Firewall successfully enabled!
[2025-04-07 15:32:14 I] [29000] Found NetFwRule by pFwRules->Item()
[2025-04-07 15:32:14 I] [29000] Firewall successfully disabled!
[2025-04-07 15:37:07 I] [29000] Found NetFwRule by pFwRules->Item()
[2025-04-07 15:37:07 I] [29000] Firewall successfully enabled!
[2025-04-07 15:37:19 I] [29000] Found NetFwRule by pFwRules->Item()
[2025-04-07 15:37:19 I] [29000] Firewall successfully disabled!
[2025-04-07 15:42:02 I] [29000] Found NetFwRule by pFwRules->Item()
[2025-04-07 15:42:02 I] [29000] Firewall successfully enabled!
[2025-04-07 15:42:27 I] [29000] Found NetFwRule by pFwRules->Item()
[2025-04-07 15:42:28 I] [29000] Firewall successfully disabled!
[2025-04-07 15:46:09 I] [29000] Found NetFwRule by pFwRules->Item()
[2025-04-07 15:46:09 I] [29000] Firewall successfully enabled!
[2025-04-07 15:46:28 I] [29000] Found NetFwRule by pFwRules->Item()
[2025-04-07 15:46:28 I] [29000] Firewall successfully disabled!
[2025-04-07 15:51:21 I] [29000] Found NetFwRule by pFwRules->Item()
[2025-04-07 15:51:22 I] [29000] Firewall successfully enabled!
[2025-04-07 15:51:40 I] [29000] Found NetFwRule by pFwRules->Item()
[2025-04-07 15:51:40 I] [29000] Firewall successfully disabled!
[2025-04-07 15:59:46 I] [29000] Found NetFwRule by pFwRules->Item()
[2025-04-07 15:59:46 I] [29000] Firewall successfully enabled!
[2025-04-07 15:59:47 I] [29000] Found NetFwRule by pFwRules->Item()
[2025-04-07 15:59:47 I] [29000] Firewall successfully disabled!
[2025-04-07 15:59:52 I] [29000] Found NetFwRule by pFwRules->Item()
[2025-04-07 15:59:53 I] [29000] Firewall successfully enabled!
[2025-04-07 16:00:14 I] [29000] Found NetFwRule by pFwRules->Item()
[2025-04-07 16:00:15 I] [29000] Firewall successfully disabled!
[2025-04-07 16:03:42 I] [29000] Found NetFwRule by pFwRules->Item()
[2025-04-07 16:03:42 I] [29000] Firewall successfully enabled!
[2025-04-07 16:04:01 I] [29000] Found NetFwRule by pFwRules->Item()
[2025-04-07 16:04:01 I] [29000] Firewall successfully disabled!
[2025-04-07 16:08:38 I] [29000] Found NetFwRule by pFwRules->Item()
[2025-04-07 16:08:38 I] [29000] Firewall successfully enabled!
[2025-04-07 16:08:57 I] [29000] Found NetFwRule by pFwRules->Item()
[2025-04-07 16:08:57 I] [29000] Firewall successfully disabled!
[2025-04-07 16:14:15 I] [29000] Found NetFwRule by pFwRules->Item()
[2025-04-07 16:14:16 I] [29000] Firewall successfully enabled!
[2025-04-07 16:14:31 I] [29000] Found NetFwRule by pFwRules->Item()
[2025-04-07 16:14:31 I] [29000] Firewall successfully disabled!
[2025-04-07 16:27:04 I] [29000] Found NetFwRule by pFwRules->Item()
[2025-04-07 16:27:04 I] [29000] Firewall successfully enabled!
[2025-04-07 16:27:51 I] [29000] Found NetFwRule by pFwRules->Item()
[2025-04-07 16:27:51 I] [29000] Firewall successfully disabled!
[2025-04-07 16:32:15 I] [29000] Found NetFwRule by pFwRules->Item()
[2025-04-07 16:32:15 I] [29000] Firewall successfully enabled!
[2025-04-07 16:32:38 I] [29000] Found NetFwRule by pFwRules->Item()
[2025-04-07 16:32:38 I] [29000] Firewall successfully disabled!
[2025-04-07 16:37:34 I] [29000] Found NetFwRule by pFwRules->Item()
[2025-04-07 16:37:34 I] [29000] Firewall successfully enabled!
[2025-04-07 16:37:55 I] [29000] Found NetFwRule by pFwRules->Item()
[2025-04-07 16:37:56 I] [29000] Firewall successfully disabled!
[2025-04-07 16:42:43 I] [29000] Found NetFwRule by pFwRules->Item()
[2025-04-07 16:42:43 I] [29000] Firewall successfully enabled!
[2025-04-07 16:42:59 I] [29000] Found NetFwRule by pFwRules->Item()
[2025-04-07 16:42:59 I] [29000] Firewall successfully disabled!
[2025-04-07 16:48:29 I] [29000] Found NetFwRule by pFwRules->Item()
[2025-04-07 16:48:29 I] [29000] Firewall successfully enabled!
[2025-04-07 16:48:48 I] [29000] Found NetFwRule by pFwRules->Item()
[2025-04-07 16:48:48 I] [29000] Firewall successfully disabled!
[2025-04-07 16:52:38 I] [29000] Found NetFwRule by pFwRules->Item()
[2025-04-07 16:52:39 I] [29000] Firewall successfully enabled!
[2025-04-07 16:52:51 I] [29000] Found NetFwRule by pFwRules->Item()
[2025-04-07 16:52:51 I] [29000] Firewall successfully disabled!
[2025-04-07 16:57:52 I] [29000] Found NetFwRule by pFwRules->Item()
[2025-04-07 16:57:52 I] [29000] Firewall successfully enabled!
[2025-04-07 16:58:05 I] [29000] Found NetFwRule by pFwRules->Item()
[2025-04-07 16:58:05 I] [29000] Firewall successfully disabled!
[2025-04-07 17:02:06 I] [29000] Found NetFwRule by pFwRules->Item()
[2025-04-07 17:02:06 I] [29000] Firewall successfully enabled!
[2025-04-07 17:02:24 I] [29000] Found NetFwRule by pFwRules->Item()
[2025-04-07 17:02:24 I] [29000] Firewall successfully disabled!
[2025-04-07 17:05:47 I] [29000] Found NetFwRule by pFwRules->Item()
[2025-04-07 17:05:47 I] [29000] Firewall successfully enabled!
[2025-04-07 17:05:58 I] [29000] Found NetFwRule by pFwRules->Item()
[2025-04-07 17:05:58 I] [29000] Firewall successfully disabled!
[2025-04-07 17:10:24 I] [29000] Found NetFwRule by pFwRules->Item()
[2025-04-07 17:10:24 I] [29000] Firewall successfully enabled!
[2025-04-07 17:10:49 I] [29000] Found NetFwRule by pFwRules->Item()
[2025-04-07 17:10:49 I] [29000] Firewall successfully disabled!
[2025-04-07 17:37:59 I] [29000] Exiting...
